
*** Running vivado
    with args -log CPU.vds -m64 -product Vivado -mode batch -messageDb vivado.pb -notrace -source CPU.tcl


****** Vivado v2018.2 (64-bit)
  **** SW Build 2258646 on Thu Jun 14 20:02:38 MDT 2018
  **** IP Build 2256618 on Thu Jun 14 22:10:49 MDT 2018
    ** Copyright 1986-2018 Xilinx, Inc. All Rights Reserved.

source CPU.tcl -notrace
Command: synth_design -top CPU -part xc7a35tcpg236-1
Starting synth_design
Attempting to get a license for feature 'Synthesis' and/or device 'xc7a35t'
INFO: [Common 17-349] Got license for feature 'Synthesis' and/or device 'xc7a35t'
INFO: Launching helper process for spawning children vivado processes
INFO: Helper process launched with PID 211491 
---------------------------------------------------------------------------------
Starting Synthesize : Time (s): cpu = 00:00:02 ; elapsed = 00:00:03 . Memory (MB): peak = 1255.270 ; gain = 83.809 ; free physical = 117729 ; free virtual = 143880
---------------------------------------------------------------------------------
ERROR: [Synth 8-2778] type error near inop ; expected type std_logic [/home/bordais-/Gabriel/4a/projet_systeme/project_1/project_1.srcs/sources_1/new/pipeline4.vhd:52]
INFO: [Synth 8-2810] unit behavioral ignored due to previous errors [/home/bordais-/Gabriel/4a/projet_systeme/project_1/project_1.srcs/sources_1/new/pipeline4.vhd:44]
---------------------------------------------------------------------------------
Finished Synthesize : Time (s): cpu = 00:00:03 ; elapsed = 00:00:04 . Memory (MB): peak = 1298.895 ; gain = 127.434 ; free physical = 117743 ; free virtual = 143891
---------------------------------------------------------------------------------
synthesize failed
INFO: [Common 17-83] Releasing license: Synthesis
3 Infos, 0 Warnings, 0 Critical Warnings and 2 Errors encountered.
synth_design failed
ERROR: [Common 17-69] Command failed: Vivado Synthesis failed
INFO: [Common 17-206] Exiting Vivado at Tue May 31 17:22:07 2022...
